!AIVDM,1,1,,,13u=:PPP00QFUUVQs@tljgvj00S0,0*0E
!AIVDM,1,1,,,13u=ak0P00QFUR`Qs>vn6gvr0`AB,0*35
!AIVDM,1,1,,,13u>210P00QFU`lQs?1ASgw80`EC,0*43
!AIVDM,2,1,0,,5819kA02BEp1KMDSN208TN0HU<R222222222220U1pN545vW07DhCQ20CC`88,0*15
!AIVDM,2,2,0,,8888888880,2*5D
!AIVDM,1,1,,,13u=:PPP00QFUUVQs@uMPOwJ08L?,0*05
!AIVDM,1,1,,,13u=ak0P00QFURVQs>vV6gwR0PS=,0*47
!AIVDM,1,1,,,13u>210P00QFU`lQs?1QSgwf0PRl,0*05
!AIVDM,1,1,,,13u=:PPP00QFUUVQs@u=POv<0L0D,0*71
!AIVDM,1,1,,,13u=ak0P00QFURVQs>vV6gvB0h62,0*04
!AIVDM,1,1,,,13u>210P00QFU`nQs?1QSgvN0p9C,0*4A
!AIVDM,1,1,,,13u=:PPP00QFUUVQs@u=POvj0<0E,0*56
!AIVDM,1,1,,,13u=ak0P00QFURTQs>w66gvr0TpT,0*4B
!AIVDM,1,1,,,B3u=obP000Eabt8NkCH;swhUkP06,0*28
!AIVDM,1,1,,,13u>210P00QFU`tQs?1ASgw80TpT,0*4D
!AIVDM,1,1,,,13u=:PPP00QFUUVQs@uePOwJ04pT,0*76
!AIVDM,1,1,,,B3uEuNP008EaoH8Njt6LgwpUoP06,0*68
!AIVDM,1,1,,,13u=ak0P00QFUR`Qs>wF6gwR0t0C,0*59
!AIVDM,1,1,,,13u>210P00QFUa0Qs?1ASgwd0pPG,0*43
!AIVDM,1,1,,,13u=:PPP00QFUUVQs@uuPOv<0H5C,0*3F
!AIVDM,1,1,,,13u=ak0P00QFURTQs>wF6gvB0d0A,0*6E
!AIVDM,1,1,,,B3uC67P000EbI;`NlPH=?wVUkP06,0*05
!AIVDM,1,1,,,13u>210P00QFUa4Qs?1QSgvN0l0E,0*02
!AIVDM,1,1,,,13u=:PPP00QFUUVQs@u=POvj08@@,0*27
!AIVDM,1,1,,,13u=ak0P00QFUR`Qs>wF6gvr0PRh,0*15
!AIVDM,2,1,1,,53u>21000001<AQ62210ThuB377J1<F22222220j1053240Ht44m0ETkPDsKD,0*12
!AIVDM,2,2,1,,QEQCQiC`82,2*43
!AIVDM,1,1,,,13u>210P00QFUa2Qs?1QSgw80PRH,0*20
!AIVDM,1,1,,,13u=:PPP00QFUURQs@u=POwJ00S<,0*65
!AIVDM,1,1,,,13u=ak0P00QFURRQs>wF6gwR0pMI,0*18
!AIVDM,1,1,,,13u>210P00QFUa2Qs?1QSgwd0l0I,0*23
!AIVDM,2,1,2,,53P;9T@2>qiG85PS:21L510Dr1Htr0HhDq<9E8MI<HB8:5uS0=Tm3hjj3k3H0,0*41
!AIVDM,2,2,2,,CPj3lPAiH0,2*71
!AIVDM,1,1,,,13u=:PPP00QFUURQs@tuPOv<0D0C,0*33
!AIVDM,1,1,,,13u=ak0P00QFURRQs>w66gvB0`62,0*69
!AIVDM,1,1,,,13u>210P00QFU`vQs?1ASgvN0h9C,0*5A
!AIVDM,1,1,,,B3uGSFP000EbP78Nl`l03we5kP06,0*1E
!AIVDM,1,1,,,13u=:PPP00QFUURQs@u=POvj04pd,0*3B
!AIVDM,1,1,,,13u=ak0P00QFURRQs>wF6gvp0l0E,0*56
!AIVDM,1,1,,,13u>210P00QFUa2Qs?1ASgw40hDQ,0*0B
!AIVDM,1,1,,,13u=:PPP00QFUURQs@tuPOwJ0D0D,0*43
!AIVDM,1,1,,,13u=ak0P00QFURTQs>wF6gwR0l0F,0*70
!AIVDM,1,1,,,13u>210P00QFU`nQs?0iSgwd0hPG,0*2D
!AIVDM,1,1,,,3819kA1rP51FTblQsMc380v80000,0*3C
!AIVDM,1,1,,,13u=:PPP00QFUURQs@u=POv<0@5C,0*7B
!AIVDM,1,1,,,13u=ak0P00QFURTQs>wF6gvB0Tph,0*37
!AIVDM,1,1,,,13u>210P00QFU`dQs?0QSgvN0d0H,0*57
!AIVDM,1,1,,,H3uEuNPnu>0=EA<t00000000000,2*11
!AIVDM,1,1,,,H3uEuNTUDBE5847C4omph01H4220,0*7B
!AIVDM,1,1,,,13u=:PPP00QFUUPQs@uMPOvj00SI,0*43
!AIVDM,1,1,,,13u=ak0P00QFURVQs>wV6gvp0h@p,0*03
!AIVDM,1,1,,,13uF=6gP001FJ2bQwL@mDgw400Ro,0*1D
!AIVDM,1,1,,,13u>210P00QFU`bQs?0iSgw40d0I,0*13
!AIVDM,1,1,,,13u=:PPP00QFUURQs@tuPOwJ0@LA,0*3E
!AIVDM,1,1,,,13u=ak0P00QFUR`Qs>wn6gwR0hMI,0*1A
!AIVDM,1,1,,,13u>210P00QFU`dQs?0iSgwd0d0J,0*46
!AIVDM,1,1,,,13u=:PPP00QFUUTQs@tuPOv<0<0C,0*4D
!AIVDM,1,1,,,13u=ak0P00QFURbQs>wn6gvB0PRk,0*0C
!AIVDM,1,1,,,13u>210P00QFU`hQs?0QSgvN0`9C,0*5D
!AIVDM,1,1,,,B3uAl=0000Eats`NhhqnSwaUoP06,0*48
!AIVDM,1,1,,,33P;9TAuh2QG;B4QpwwD91:j0000,0*69
!AIVDM,1,1,,,13u=:PPP00QFUUTQs@tuPOvj0<0F,0*1E
!AIVDM,1,1,,,13u=ak0P00QFURdQs>wn6gvp0d0F,0*43
!AIVDM,1,1,,,13u>210P00QFU`jQs?0QSgw40`DQ,0*4B
!AIVDM,1,1,,,13u=:PPP00QFUUVQs@tePOwJ0<0C,0*28
!AIVDM,1,1,,,13u=ak0P00QFURjQs?066gwR0d0F,0*70
!AIVDM,1,1,,,13u>210P00QFU`hQs?0iSgwd0`PG,0*23
!AIVDM,1,1,,,13u=:PPP00QFUUPQs@tuPOv<085C,0*48
!AIVDM,1,1,,,13u=ak0P00QFURhQs?066gvB0l0D,0*69
!AIVDM,1,1,,,13u>210P00QFU`hQs?0iSgvN0Tpp,0*2B
!AIVDM,1,1,,,13u=:PPP00QFUUTQs@ttqOvj08@O,0*43
!AIVDM,1,1,,,13u=ak0P00QFURjQs?0F6gvp0`@p,0*61
!AIVDM,1,1,,,13u>210P00QFU`lQs?0QSgw40Tpp,0*6C
!AIVDM,1,1,,,13u=:PPP00QFUURQs@tU9wwJ08LA,0*37
!AIVDM,1,1,,,13u=ak0P00QFURnQs?0V6gwR0`MI,0*62
!AIVDM,1,1,,,13u>210P00QFU`hQs?0iSgwd0Tpp,0*00
!AIVDM,1,1,,,H3u=obPl59@Tp40000000000000,2*0B
!AIVDM,1,1,,,H3u=obTT0000000pCE80001P0400,0*72
!AIVDM,2,1,3,,53u=ak000001<Tdr2210ThuB3OGF1<F22222220j1@63240Ht7P0000000000,0*21
!AIVDM,2,2,3,,0000000002,2*54
!AIVDM,1,1,,,13u=:PPP00QFUURQs@tU9wv<04pt,0*45
!AIVDM,1,1,,,13u=ak0P00QFURnQs?0F6gvB0h5c,0*39
!AIVDM,1,1,,,13u>210P00QFU`lQs?0QSgvN0PSU,0*15
!AIVDM,1,1,,,13u=:PPP00QFUURQs@th3Ovj04pt,0*1C
!AIVDM,1,1,,,13u=ak0P00QFURjQs?0F6gvp0Tpt,0*61
!AIVDM,1,1,,,B3u=obP000Eac4`NkCMbwwh5kP06,0*09
!AIVDM,1,1,,,13u>210P00QFU`hQs?0QSgw40PSR,0*6D
!AIVDM,1,1,,,13u=:PPP00QFUURQs@tStwwJ04pt,0*79
!AIVDM,1,1,,,13u=ak0P00QFURfQs>wV6gwR0Tpt,0*18
!AIVDM,1,1,,,B3uEuNP008EaoI8Njt@03wqUkP06,0*32
!AIVDM,1,1,,,13u>210P00QFU`fQs?0QSgwd0PSW,0*36
!AIVDM,1,1,,,13u=:PPP00QFUURQs@tktwv<00Rs,0*17
!AIVDM,1,1,,,13u=ak0P00QFURhQs>wF6gvB0d0C,0*50
!AIVDM,1,1,,,B3uC67P000EbI:8NlOH03wVUkP06,0*42
!AIVDM,1,1,,,13u>210P00QFU`fQs?0iSgvP0p9f,0*40
!AIVDM,1,1,,,13u=:PPP00QFUUTQs@tktwvj00S2,0*07
!AIVDM,1,1,,,13u=ak0P00QFURjQs>wF6gvp0PT1,0*42
!AIVDM,1,1,,,13u>210P00QFU`dQs?0iSgw60t0J,0*04
!AIVDM,1,1,,,13u=:PPP00QFUURQs@tktwwJ00RW,0*44
!AIVDM,1,1,,,13u=ak0P00QFURhQs>wV6gwR0PRj,0*2E
!AIVDM,1,1,,,13u>210P00QFU`rQs?1QSgwf0hPl,0*21
!AIVDM,1,1,,,13u=:PPP00QFUURQs@tStwv<0@54,0*7F
!AIVDM,1,1,,,13u=ak0P00QFURlQs>w66gvB0`5c,0*05
!AIVDM,1,1,,,13u>210P00QFUa0Qs?1QSgvP0l0H,0*15
!AIVDM,1,1,,,H3uC67QLTh@4000000000000000,2*4C
!AIVDM,1,1,,,H3uC67TUDBE5847C2ljnn01P1040,0*44
!AIVDM,1,1,,,B3uGSFP000EbP;`Nl``03we5kP06,0*46
!AIVDM,1,1,,,13u=:PPP00QFUUPQs@tStwvj0<0E,0*23
!AIVDM,1,1,,,13u=ak0P00QFURjQs>wV6gvr0pAg,0*33
!AIVDM,1,1,,,13u>210P00QFUa0Qs?1iSgw60pDq,0*1B
!AIVDM,2,1,4,,53u=:PP00001<H?G7OI0ThuB37G61<F22222220j1042240Ht2P0000000000,0*2A
!AIVDM,2,2,4,,0000000002,2*53
!AIVDM,1,1,,,13u=:PPP00QFUUNQs@tktwwH0@Kf,0*02
!AIVDM,1,1,,,13u=ak0P00QFURhQs>wV6gwR0t0H,0*4A
!AIVDM,1,1,,,13u>210P00QFUa2Qs?1QSgwf0d0L,0*2C
!AIVDM,1,1,,,3819kA1rh71FTRHQsMjU51r80000,0*75
!AIVDM,1,1,,,13u=:PPP00QFUURQs@tUH?v<0<0D,0*04
!AIVDM,1,1,,,13u=ak0P00QFURfQs>wF6gvB0Tq8,0*54
!AIVDM,1,1,,,13u>210P00QFUa4Qs?1QSgvP0h9f,0*32
!AIVDM,1,1,,,13u=:PPP00QFUUTQs@tUH?vj08@G,0*23
!AIVDM,1,1,,,13u=ak0P00QFURdQs>wF6gvr0l0G,0*60
!AIVDM,1,1,,,13u>210P00QFUa2Qs?1ASgw60l0L,0*64
!AIVDM,1,1,,,13u=:PPP00QFUURQs@tUH?wH0<0@,0*75
!AIVDM,1,1,,,13u=ak0P00QFURTQs>wV6gwR0pM1,0*76
!AIVDM,1,1,,,13u>210P00QFUa0Qs?1QSgwf0`Pl,0*6A
!AIVDM,1,1,,,H3uAl=18u<4pp40000000000000,2*0B
!AIVDM,1,1,,,H3uAl=4U3?=1B00C1ppln00p4210,0*5D
!AIVDM,1,1,,,13u=:PPP00QFUURQs@tuIwv<0854,0*1C
!AIVDM,1,1,,,13u=ak0P00QFURdQs>wV6gvB0PSO,0*17
!AIVDM,1,1,,,H3uGSFQ<Tpd4AE<000000000000,2*18
!AIVDM,1,1,,,H3uGSFTTDBE5847C5jhlk00h6220,0*6B
!AIVDM,1,1,,,13u>210P00QFUa0Qs?1h3gvP0d0K,0*47
!AIVDM,1,1,,,B3uAl=0000Eatq8NhhjBgwa5kP06,0*75
!AIVDM,1,1,,,33P;9TA203QG;?pQq01=Q0rl0000,0*10
!AIVDM,1,1,,,13u=:PPP00QFUUTQs@tU@wvj04q<,0*25
!AIVDM,1,1,,,13u=ak0P00QFURhQs>wV6gvr0hAg,0*29
!AIVDM,1,1,,,13u>210P00QFU`tQs?1P3gw60hDq,0*1F
!AIVDM,1,1,,,13u=:PPP00QFUUTQs@tE@wwH08Kf,0*7A
!AIVDM,1,1,,,13u=ak0P00QFURjQs>wF6gwR0l0I,0*41
!AIVDM,1,1,,,13u>210P00QFU`tQs?1P3gwf0Tq<,0*0B
!AIVDM,1,1,,,13u=:PPP00QFUULQs@tU@wv<04q@,0*17
!AIVDM,1,1,,,13u=ak0P00QFURfQs>wV6gvB0d0E,0*48
!AIVDM,1,1,,,13u>210P00QFU`pQs?1P3gvP0`9f,0*1E
!AIVDM,1,1,,,13u=:PPP00QFUUJQs@tl4Ovj00Sa,0*35
!AIVDM,1,1,,,13u=ak0P00QFURdQs>wV6gvr0d0G,0*78
!AIVDM,1,1,,,13u>210P00QFU`pQs?103gw60d0N,0*3C
!AIVDM,2,1,5,,5819kA02BEp1KMDSN208TN0HU<R222222222220U1pN545vW07DhCQ20CC`88,0*10
!AIVDM,2,2,5,,8888888880,2*58
!AIVDM,1,1,,,13u=:PPP00QFUUJQs@tl4OwH04q@,0*11
!AIVDM,1,1,,,13u=ak0P00QFURhQs>wV6gwR0hM1,0*52
!AIVDM,1,1,,,13u>210P00QFUa0Qs?103gwf0PS5,0*01
!AIVDM,1,1,,,13u=:PPP00QFUUHQs@uD4Ov<00S8,0*11
!AIVDM,1,1,,,13u=ak0P00QFURlQs?066gvB0`60,0*13
!AIVDM,1,1,,,13u>210P00QFU`vQs?103gvP0TqD,0*26
!AIVDM,1,1,,,13u=:PPP00QFUUPQs@tl4Ovl0@@n,0*45
!AIVDM,1,1,,,13u=ak0P00QFURjQs?066gvr0`Ag,0*05
!AIVDM,1,1,,,B3u=obP000Eac08NkC=IOwgUkP06,0*59
!AIVDM,1,1,,,13u>210P00QFU`rQs?1@3gw60`Dq,0*01
!AIVDM,1,1,,,13u=:PPP00QFUUPQs@tl4OwH00S=,0*50
!AIVDM,1,1,,,13u=ak0P00QFURlQs?066gwR0d0G,0*77
!AIVDM,1,1,,,B3uEuNP008EaoL`Njt2lSwpUkP06,0*20
!AIVDM,1,1,,,13u>210P00QFU`rQs?1P3gwf0t0N,0*1E
!AIVDM,1,1,,,13u=:PPP00QFUUTQs@tlDwv<0H52,0*78
!AIVDM,1,1,,,13u=ak0P00QFURhQs>wn6gvB0TqH,0*02
!AIVDM,1,1,,,B3uC67P000EbI48NlOh03wVUkP06,0*6C
!AIVDM,1,1,,,13u>210P00QFU`vQs?1P3gvP0PRk,0*4E
!AIVDM,1,1,,,13u=:PPP00QFUURQs@tlDwvl0<0E,0*28
!AIVDM,1,1,,,13u=ak0P00QFURhQs>wV6gvr0TqH,0*0A
!AIVDM,2,1,6,,53u>21000001<AQ62210ThuB377J1<F22222220j1053240Ht44m0ETkPDsKD,0*15
!AIVDM,2,2,6,,QEQCQiC`82,2*44
!AIVDM,1,1,,,13u>210P00QFU`vQs?1P3gw60TqH,0*2D
!AIVDM,1,1,,,13u=:PPP00QFUUNQs@u4DwwJ0L0C,0*3C
!AIVDM,1,1,,,B3uAl=009@Eb3>8Nho0bcwpUoP06,0*0B
!AIVDM,1,1,,,13u=ak0P00QFURhQs>wV6gwR0`M1,0*5A
!AIVDM,1,1,,,13u>210P00QFUa0Qs?1@3gwf0pPg,0*00
!AIVDM,2,1,7,,53P;9T@2>qiG85PS:21L510Dr1Htr0HhDq<9E8MI<HB8:5uS0=Tm3hjj3k3H0,0*44
!AIVDM,2,2,7,,CPj3lPAiH0,2*74
!AIVDM,1,1,,,13u=:PPP00QFUULQs@uDDwv<0D0D,0*36
!AIVDM,1,1,,,13u=ak0P00QFURhQs>wn6gvB0PS=,0*51
!AIVDM,1,1,,,13u>210P00QFUa2Qs?1P3gvN0l0K,0*6B
!AIVDM,1,1,,,B3uGSFP000EbP<`Nla5MsweUkP06,0*48
!AIVDM,1,1,,,13u=:PPP00QFUUHQs@ulDwvl08@n,0*6C
!AIVDM,1,1,,,13u=ak0P00QFURhQs>wn6gvr0PRU,0*08
!AIVDM,1,1,,,13u>210P00QFUa8Qs?1P3gw60PRs,0*7E
!AIVDM,1,1,,,13u=:PPP00QFUULQs@ue5wwJ0HKi,0*4B
!AIVDM,1,1,,,13u=ak0P00QFURlQs>wF6gwR0TqL,0*3B
!AIVDM,1,1,,,B3uAl=00:0Eb8U`NiE89wwpUoP06,0*2C
!AIVDM,1,1,,,13u>210P00QFUa>Qs?1P3gwf0l0M,0*48
!AIVDM,1,1,,,3819kA16h21FTLLQsN91f1H80000,0*73
!AIVDM,1,1,,,13u=:PPP00QFUULQs@uu5wv<0@52,0*01
!AIVDM,1,1,,,13u=ak0P00QFURjQs>wV6gvB0h63,0*38
!AIVDM,1,1,,,13u>210P00QFUa>Qs?203gvN0h9G,0*05
!AIVDM,1,1,,,H3uEuNPnu>0=EA<t00000000000,2*11
!AIVDM,1,1,,,H3uEuNTUDBE5847C4omph01H4220,0*7B
!AIVDM,1,1,,,13u=:PPP00QFUUNQs@ue3wvl04qP,0*17
!AIVDM,1,1,,,13u=ak0P00QFURjQs>wF6gvp0hA:,0*64
!AIVDM,1,1,,,13u>210P00QFUa@Qs?1h3gw40hDb,0*03
!AIVDM,1,1,,,13u=:PPP00QFUUNQs@ue3wwJ0D0B,0*13
!AIVDM,1,1,,,B3uAl=0090Eb9>`Niq05?wp5oP06,0*5D
!AIVDM,1,1,,,13u=ak0P00QFURlQs>wF6gwR0PRg,0*37
!AIVDM,1,1,,,13u>210P00QFUa@Qs?1P3gwf0hPg,0*78
!AIVDM,1,1,,,13u=:PPP00QFUUPQs@uM3wv<0<0D,0*2C
!AIVDM,1,1,,,13u=ak0P00QFURnQs>w66gvB0d0E,0*20
!AIVDM,1,1,,,13u>210P00QFUa>Qs?103gvN0d0H,0*0C
!AIVDM,1,1,,,33P;9TAv@2QG;?pQq01441@l0000,0*7A
!AIVDM,1,1,,,13u=:PPP00QFUUNQs@uu6gvl00Rj,0*0F
!AIVDM,1,1,,,13u=ak0P00QFURnQs>w66gvp0d0G,0*10
!AIVDM,1,1,,,13u>210P00QFUa:Qs?1MNOw40d0I,0*5A
!AIVDM,1,1,,,13u=:PPP00QFUUNQs@uuLgwJ0@Ki,0*38
!AIVDM,1,1,,,13u=ak0P00QFURpQs>w66gwP0pLV,0*56
!AIVDM,1,1,,,B3uAl=001hEb998Nj=gM?wp5oP06,0*32
!AIVDM,1,1,,,13u>210P00QFUa@Qs?1N1gwf0d0I,0*26
!AIVDM,1,1,,,13u=:PPP00QFUURQs@ueLgv<0852,0*1E
!AIVDM,1,1,,,13u=ak0P00QFURnQs>w66gvB0`63,0*54
!AIVDM,1,1,,,13u>210P00QFUaBQs?1>1gvN0`9G,0*7E
!AIVDM,1,1,,,13u=:PPP00QFUURQs@uSugvj0H@N,0*3E
!AIVDM,1,1,,,13u=ak0P00QFURpQs>wF6gvp0`A:,0*76
!AIVDM,1,1,,,13u>210P00QFUa<Qs?0v1gw40`Db,0*6A
!AIVDM,1,1,,,13u=:PPP01QFUUPQs@ucswwJ0<0E,0*35
!AIVDM,1,1,,,13u=ak0P00QFURrQs>wF6gwP0l0D,0*56
!AIVDM,1,1,,,B3uAl=001hEb8;8Nj?rWkwq5oP06,0*69
!AIVDM,1,1,,,13u>210P00QFUa>Qs?1>1gwf0`Pg,0*62
!AIVDM,1,1,,,H3u=obPl59@Tp40000000000000,2*0B
!AIVDM,1,1,,,H3u=obTT0000000pCE80001P0400,0*72
!AIVDM,1,1,,,13u=:PPP00QFUUPQs@usswv<04qd,0*3B
!AIVDM,2,1,8,,53u=ak000001<Tdr2210ThuB3OGF1<F22222220j1@63240Ht7P0000000000,0*2A
!AIVDM,2,2,8,,0000000002,2*5F
!AIVDM,1,1,,,13u=ak0P00QFURrQs>wn6gvB0Tqd,0*34
!AIVDM,1,1,,,13u>210P00QFUaBQs?1f1gvN0Tqd,0*79
!AIVDM,1,1,,,13u=:PPP00QFUURQs@usswvj0D0G,0*7D
!AIVDM,1,1,,,13u=ak0P00QFURvQs>wn6gvp0Tqd,0*02
!AIVDM,1,1,,,B3u=obP000Eac28NkD803wgUkP06,0*5C
!AIVDM,1,1,,,13u>210P00QFUaBQs?1f1gw40Tqd,0*02
!AIVDM,1,1,,,13u=:PPP00QFUUPQs@usswwJ08Ki,0*77
!AIVDM,1,1,,,B3uAl=00@PEaw18Njp?6Cwp5kP06,0*28
!AIVDM,1,1,,,13u=ak0P00QFURvQs>wn6gwP0hLV,0*10
!AIVDM,1,1,,,B3uEuNP008EaoK8Njt003wr5oP06,0*27
!AIVDM,1,1,,,13u>210P00QFUaBQs?1v1gwf0Tqd,0*40
!AIVDM,1,1,,,13u=:PPP00QFUURQs@v;swv<00Rg,0*56
!AIVDM,1,1,,,13u=ak0P00QFURrQs?0F6gvB0PRw,0*6E
!AIVDM,1,1,,,B3uC67P000EbHv8NlPD=cwW5kP06,0*20
!AIVDM,1,1,,,13u>210P00QFUaDQs?1v1gvN0PS6,0*1B
!AIVDM,1,1,,,13u=:PPP00QFUUVQs@usswvj0@@N,0*04
!AIVDM,1,1,,,13u=ak0P00QFURnQs?0V6gvp0PRu,0*52
!AIVDM,1,1,,,13u>210P00QFUaJQs?2N1gw40PS:,0*59
!AIVDM,1,1,,,13u=:PPP00QFUURQs@v;swwJ04qh,0*09
!AIVDM,1,1,,,13u=ak0P00QFURlQs?0V6gwP0d0E,0*17
!AIVDM,1,1,,,B3uAl=0060EalA`NkGVVWwpUkP06,0*46
!AIVDM,1,1,,,13u>210P00QFUaDQs?2>1gwf0PS9,0*76
!AIVDM,1,1,,,13u=:PPP00QFUURQs@vKswv:0H4W,0*0E
!AIVDM,1,1,,,13u=ak0P00QFURlQs?0n6gvB0h5p,0*00
!AIVDM,1,1,,,13u>210P00QFUaDQs?2>1gvN0l0J,0*73
!AIVDM,1,1,,,H3uC67QLTh@4000000000000000,2*4C
!AIVDM,1,1,,,B3uGSFP008EbP9`Nla803we5kP06,0*15
!AIVDM,1,1,,,H3uC67TUDBE5847C2ljnn01P1040,0*44
!AIVDM,1,1,,,13u=:PPP00QFUURQs@v;swvj0<0H,0*41
!AIVDM,1,1,,,13u=ak0P00QFURlQs?0n6gvp0p@u,0*5A
!AIVDM,1,1,,,13u>210P00QFUaHQs?2N1gw40hDb,0*2C
!AIVDM,2,1,9,,53u=:PP00001<H?G7OI0ThuB37G61<F22222220j1042240Ht2P0000000000,0*27
!AIVDM,2,2,9,,0000000002,2*5E
!AIVDM,1,1,,,13u=:PPP00QFUUVQs@v1V?wJ00Ss,0*57
!AIVDM,1,1,,,13u=ak0P00QFURpQs?166gwP0`LV,0*01
!AIVDM,1,1,,,B3uAl=001PEakk`NkFS5;wpUkP06,0*07
!AIVDM,1,1,,,13u>210P00QFUaPQs?2f1gwf0pPf,0*46
!AIVDM,1,1,,,3819kA16@71FTKPQsMw<U0P80000,0*2F
!AIVDM,1,1,,,13u=:PPP00QFUUTQs@v=VOv:0D0F,0*7A
!AIVDM,1,1,,,13u=ak0P00QFURlQs?1F6gvB0d0F,0*16
!AIVDM,1,1,,,13u>210P00QFUaLQs?2e8wvN0h9C,0*3D
!AIVDM,1,1,,,13u=:PPP00QFUUTQs@v<5Ovj08@N,0*4C
!AIVDM,1,1,,,13u=ak0P00QFURhQs?1F6gvp0l0G,0*29
!AIVDM,1,1,,,13u>210P00QFUaJQs?2h3ww40d0M,0*4D
!AIVDM,1,1,,,B3uAl=00>PEadd`Nkpvpkwp5oP06,0*6A
!AIVDM,1,1,,,13u=:PPP00QFUUTQs@ukTgwL0D0C,0*77
!AIVDM,1,1,,,13u=ak0P00QFURjQs?166gwP0Tqp,0*34
!AIVDM,1,1,,,13u>210P00QFUaHQs?2h;Owf0l0O,0*27
!AIVDM,1,1,,,H3uAl=18u<4pp40000000000000,2*0B
!AIVDM,1,1,,,H3uAl=4U3?=1B00C1ppln00p4210,0*5D
!AIVDM,1,1,,,13u=:PPP01QFUUVQs@udHOv:0@4W,0*2C
!AIVDM,1,1,,,13u=ak0P00QFURlQs?166gvB0`5p,0*51
!AIVDM,1,1,,,H3uGSFQ<Tpd4AE<000000000000,2*18
!AIVDM,1,1,,,H3uGSFTTDBE5847C5jhlk00h6220,0*6B
!AIVDM,1,1,,,13u>210P00QFUaJQs?2eWOvN0d0N,0*64
!AIVDM,1,1,,,33P;9TAvh0QG;ARQpwpq>0tn0000,0*73
!AIVDM,1,1,,,13u=:PPP01QFUUVQs@uTT?vj04qt,0*32
!AIVDM,1,1,,,13u=ak0P00QFURnQs?166gvp0h@u,0*19
!AIVDM,1,1,,,13u>210P00QFUaDQs?27Egw40`Db,0*25
!AIVDM,1,1,,,33u?h@08AH1F@DDQsga5vE1@00nA,0*4F
!AIVDM,1,1,,,13u=:PPP00QFUUTQs@ucT?wL0@LR,0*4E
!AIVDM,1,1,,,13u=ak0P00QFURlQs?166gwP0PSN,0*2A
!AIVDM,1,1,,,B3uAl=00>0EaOD`Nl@Vr3wp5oP06,0*4C
!AIVDM,1,1,,,13u>210P00QFUaBQs?26p?wf0hPf,0*05
!AIVDM,1,1,,,33u?h@0s0B1F@HHQsfqV:lv:010P,0*1B
!AIVDM,1,1,,,13u=:PPP00QFUURQs@ucT?v:0<0E,0*28
!AIVDM,1,1,,,13u=ak0P00QFURhQs?0n6gvB0Tr0,0*3F
!AIVDM,1,1,,,13u>210P00QFUaFQs?20E?vN0`9C,0*5F
!AIVDM,1,1,,,13u?h@0v031F@HHQsfo5m4tV04r0,0*56
!AIVDM,1,1,,,13u=:PPP00QFUUPQs@udMOvj00S:,0*04
!AIVDM,1,1,,,13u=ak0P00QFURjQs?0n6gvp0d0G,0*0A
!AIVDM,1,1,,,13u>210P00QFUaFQs?2@E?w40Tr0,0*58
!AIVDM,2,1,0,,5819kA02BEp1KMDSN208TN0HU<R222222222220U1pN545vW07DhCQ20CC`88,0*15
!AIVDM,2,2,0,,8888888880,2*5D
!AIVDM,1,1,,,33u?h@09hR1F@EpQsgLeeEO@00oQ,0*49
!AIVDM,1,1,,,B3uAl=00@0EaAk`NlaBoOwp5kP06,0*43
!AIVDM,1,1,,,13u=:PPP00QFUURQs@uT@wwL0<0E,0*34
!AIVDM,1,1,,,13u=ak0P00QFURlQs?0n6gwR0t0G,0*3F
!AIVDM,1,1,,,33u?h@0nPb1F@E@Qsh4ejU7`0000,0*28
!AIVDM,1,1,,,13u>210P00QFUaDQs?2dJgwf0d0N,0*77
!AIVDM,1,1,,,13u=:PPP01QFUURQs@uTOOv:084W,0*67
!AIVDM,1,1,,,13u=ak0P00QFURjQs?0n6gvB0PSA,0*69
!AIVDM,1,1,,,13u>210P00QFUa>Qs?2tTgvN0Tr4,0*22
!AIVDM,1,1,,,13u=:PPP00QFUURQs@utQOvj0<0H,0*17
!AIVDM,1,1,,,13u=ak0P00QFURlQs?0n6gvp0`@u,0*4A
!AIVDM,1,1,,,B3u=obP000Eac38NkCMc7wgUoP06,0*7C
!AIVDM,1,1,,,33u?h@0qA`1FA98Qshl2jR3J010@,0*76
!AIVDM,1,1,,,13u=:PPP00QFUULQs@v<>wwL08LR,0*50
!AIVDM,1,1,,,13u=ak0P00QFURjQs?0n6gwR0pLr,0*74
!AIVDM,1,1,,,B3uAl=00A@Ea1K`Nm4>pSwpUoP06,0*2D
!AIVDM,1,1,,,B3uEuNP008EaoI8Njt2fwwpUkP06,0*53
!AIVDM,1,1,,,13u>210P00QFUa>Qs?2uLOwf0`Pf,0*7E
!AIVDM,1,1,,,13u=:PPP00QFUUJQs@vMDOv:04r8,0*4A
!AIVDM,1,1,,,13u=ak0P00QFURlQs?0V6gvB0p5w,0*27
!AIVDM,1,1,,,B3uC67P000EbI1`NlP`0cwW5oP06,0*13
!AIVDM,1,1,,,13u>210P00QFUa>Qs?2uLOvN0PSG,0*45
!AIVDM,1,1,,,13u=:PPP00QFUUJQs@vMB?vj08@N,0*24
!AIVDM,1,1,,,13u=ak0P00QFURpQs?066gvp0Tr8,0*45
!AIVDM,1,1,,,33u?h@0tiQ1FBBpQske23QU20000,0*65
!AIVDM,1,1,,,13u>210P00QFUa@Qs?2eLOw60t0M,0*1F
!AIVDM,2,1,1,,53u>21000001<AQ62210ThuB377J1<F22222220j1053240Ht44m0ETkPDsKD,0*12
!AIVDM,2,2,1,,QEQCQiC`82,2*43
!AIVDM,1,1,,,33u?h@0sQK1FBJdQsl8R01S@00mi,0*75
!AIVDM,1,1,,,33u?h@0t1G1FBOdQslLQu1QJ00vP,0*03
!AIVDM,1,1,,,B3uAl=00I@E`h@8NmTboOwoUoP06,0*0E
!AIVDM,1,1,,,13u=:PPP00QFUUHQs@vMB?wL04r8,0*49
!AIVDM,1,1,,,13u=ak0P00QFURtQs>wn6gwR0l0H,0*76
!AIVDM,1,1,,,33u?h@041A1FBVTQslk1siW`0000,0*7F
!AIVDM,1,1,,,13u>210P00QFUa<Qs?2MLOwf0Tr8,0*0C
!AIVDM,2,1,2,,53P;9T@2>qiG85PS:21L510Dr1Htr0HhDq<9E8MI<HB8:5uS0=Tm3hjj3k3H0,0*41
!AIVDM,2,2,2,,CPj3lPAiH0,2*71
!AIVDM,1,1,,,13u=:PPP00QFUUJQs@vdTwv:00Rs,0*24
!AIVDM,1,1,,,13u=ak0P00QFURpQs?066gvB0l0H,0*7D
!AIVDM,1,1,,,33u?h@0p0K1FBfHQsmA1hi:H0000,0*69
!AIVDM,1,1,,,13u>210P00QFUa:Qs?2MLOvN0l0K,0*2A
!AIVDM,1,1,,,B3uGSFP008EbP5`Nla003we5oP06,0*15
!AIVDM,1,1,,,13u=:PPP00QFUUJQs@vdPOvj04r<,0*23
!AIVDM,1,1,,,13u=ak0P00QFURjQs?0F6gvp0PSE,0*77
!AIVDM,1,1,,,33u?h@0p041FBg`QsmA2vhi00000,0*08
!AIVDM,1,1,,,13u>210P00QFUa<Qs?2MLOw60pDg,0*11
!AIVDM,1,1,,,B3uAl=00h0E`De`NnGfocwp5oP06,0*49
!AIVDM,1,1,,,13u=:PPP00QFUULQs@vLPOwL00RN,0*7C
!AIVDM,1,1,,,13u=ak0P00QFURjQs?0F6gwR0hLr,0*44
!AIVDM,1,1,,,13u>210P00QFUa>Qs?2eLOwf0PS@,0*7B
!AIVDM,1,1,,,33u?h@03@31FBgtQsm>W9hUl013A,0*6E
!AIVDM,1,1,,,3819kA1sP51FTV8QsMc:Kbt80000,0*77
!AIVDM,1,1,,,13u=:PPP00QFUUNQs@v<dgv:0L0F,0*73
!AIVDM,1,1,,,13u=ak0P00QFURjQs?0V6gvB0h5w,0*39
!AIVDM,1,1,,,H3uEuNPnu>0=EA<t00000000000,2*11
!AIVDM,1,1,,,H3uEuNTUDBE5847C4omph01H4220,0*7B
!AIVDM,1,1,,,13u>210P00QFUa@Qs?2eLOvN0h9P,0*6E
!AIVDM,1,1,,,33u?h@0=0P1FBTdQslQa9BHj011h,0*12
!AIVDM,1,1,,,13u=:PPP00QFUULQs@v<fwvj00S?,0*55
!AIVDM,1,1,,,13u=ak0P00QFURlQs?0n6gvp0pA8,0*16
!AIVDM,1,1,,,13u>210P00QFUa@Qs?2eLOw60l0P,0*1A
!AIVDM,1,1,,,33u?h@0Ah;1FBTHQslJ7W49@00oi,0*21
!AIVDM,1,1,,,33u?h@0@hE1FBVTQsl=V4lgL00vP,0*1F
!AIVDM,1,1,,,13u=:PPP00QFUULQs@v<fwwJ0L0A,0*15
!AIVDM,1,1,,,13u=ak0P00QFURpQs?0V6gwR0d0J,0*06
!AIVDM,1,1,,,B3uAl=00uhEWNR`Np7>ugwpUoP06,0*4E
!AIVDM,1,1,,,33u?h@0=ha1FBa4QsklV5m3`0000,0*19
!AIVDM,1,1,,,13u>210P00QFUa@Qs?2uLOwf0pPl,0*1A
!AIVDM,1,1,,,33u?h@06hv1FBcpQskD6>E5l0141,0*26
!AIVDM,1,1,,,33u?h@05iG1FBg`QsjM6F5<<00v@,0*6A
!AIVDM,1,1,,,13u=:PPP00QFUULQs@utfwv:0H4H,0*26
!AIVDM,1,1,,,13u=ak0P00QFURpQs?0F6gvB0d0G,0*0A
!AIVDM,1,1,,,33u?h@04QU1FBjLQsih6L5<H0000,0*0E
!AIVDM,1,1,,,13u>210P00QFUaBQs?2MLOvN0d0L,0*5D
!AIVDM,1,1,,,13u?h@021i1FBmTQshnVNE<V00SP,0*41
!AIVDM,1,1,,,33P;9TA1h1QG;<hQq015o1:l0000,0*2D
!AIVDM,1,1,,,13u=:PPP00QFUUNQs@udTOvj0@@S,0*09
!AIVDM,1,1,,,13u=ak0P00QFURrQs?0F6gvp0l0I,0*3C
!AIVDM,1,1,,,13u>210P00QFUaBQs?2eLOw60hDg,0*5F
!AIVDM,1,1,,,13u=:PPP00QFUU`Qs@uLTOwJ0HKn,0*10
!AIVDM,1,1,,,13u=ak0P00QFURtQs?0V6gwR0`Lr,0*42
!AIVDM,1,1,,,13u>210P00QFUaHQs?2MLOwf0l0P,0*6A
!AIVDM,1,1,,,13u=:PPP00QFUUTQs@uLhwv:0D0D,0*0C
!AIVDM,1,1,,,13u=ak0P00QFURvQs?0n6gvB0`5w,0*15
!AIVDM,1,1,,,13u>210P00QFUaFQs?2=LOvN0`9P,0*38
!AIVDM,1,1,,,13u=:PPP00QFUUVQs@u<?gvj0<0G,0*12
!AIVDM,1,1,,,13u=ak0P00QFURtQs?0V6gvp0hA8,0*2E
!AIVDM,1,1,,,13u>210P00QFUaDQs?2MLOw60d0P,0*3E
!AIVDM,1,1,,,13u=:PPP00QFUUPQs@ud=wwJ0D0F,0*06
!AIVDM,1,1,,,13u=ak0P00QFURpQs?0F6gwR0TrH,0*66
!AIVDM,1,1,,,B3uAl=00v@EUe88NsT6mWwpUoP06,0*3E
!AIVDM,1,1,,,13u>210P00QFUaDQs?2MLOwf0hPl,0*3E
!AIVDM,1,1,,,H3u=obPl59@Tp40000000000000,2*0B
!AIVDM,1,1,,,H3u=obTT0000000pCE80001P0400,0*72
!AIVDM,1,1,,,13u=:PPP00QFUURQs@ut=wv:0@4H,0*6B
!AIVDM,1,1,,,13u=ak0P00QFURlQs?0F6gvB0TrL,0*6F
!AIVDM,2,1,3,,53u=ak000001<Tdr2210ThuB3OGF1<F22222220j1@63240Ht7P0000000000,0*21
!AIVDM,2,2,3,,0000000002,2*54
!AIVDM,1,1,,,13u>210P00QFUaFQs?2MLOvN0TrL,0*2B
!AIVDM,1,1,,,33u?h@09@:1FDM0QsVF6CUFV00q1,0*7A
!AIVDM,1,1,,,33u?h@07@41FDMDQsVF6LmLj0100,0*4E
!AIVDM,1,1,,,13u=:PPP00QFUURQs@uu5?vj08@S,0*6D
!AIVDM,1,1,,,13u=ak0P00QFURlQs?0F6gvp0d0G,0*24
!AIVDM,1,1,,,B3u=obP000Eac0`NkCg;gwh5oP06,0*6A
!AIVDM,1,1,,,13u>210P00QFUaLQs?2MLOw60`Dg,0*71
!AIVDM,1,1,,,13u=:PPP00QFUUTQs@ue5?wJ0@Kn,0*14
!AIVDM,1,1,,,13u=ak0P00QFURrQs?0F6gwR0PSI,0*40
!AIVDM,1,1,,,B3uEuNP008EaoM`Njsu>kwpUoP06,0*0F
!AIVDM,1,1,,,33u?h@0sh01FDM`QsVF3iEW`0000,0*1A
!AIVDM,1,1,,,13u>210P00QFUaPQs?2P>gwf0d0Q,0*3C
!AIVDM,1,1,,,13u=:PPP00QFUURQs@uu5?v:0<0F,0*5C
!AIVDM,1,1,,,13u=ak0P00QFURvQs?0F6gvB0PS2,0*2E
!AIVDM,1,1,,,B3uC67P000EbI88NlPl<3wVUoP06,0*73
!AIVDM,1,1,,,13u>210P00QFUaPQs?2@>gvN0PS2,0*31
!AIVDM,1,1,,,13u=:PPP00QFUUPQs@v=5?vj04rP,0*19
!AIVDM,1,1,,,13u=ak0P00QFURvQs?0V6gvp0`A8,0*24
!AIVDM,1,1,,,13u>210P00QFUaLQs?20>gw60TrP,0*63
!AIVDM,1,1,,,13u?h@0v@11FDMDQsVF:FUO>0D0h,0*4C
!AIVDM,1,1,,,13u=:PPP00QFUUPQs@uu5?wJ0<0C,0*2A
!AIVDM,1,1,,,13u=ak0P00QFUS0Qs?0V6gwR0d0K,0*46
!AIVDM,1,1,,,13u>210P00QFUaFQs?20>gwf0`Pl,0*13
!AIVDM,1,1,,,13u=:PPP00QFUUNQs@uu5?v:084H,0*4E
!AIVDM,1,1,,,13u=ak0P00QFURvQs?0n6gvB0d0H,0*2B
!AIVDM,1,1,,,13u>210P00QFUaDQs?20>gvN0p9H,0*65
!AIVDM,1,1,,,B3uGSFP008EbP48Nla803weUkP06,0*20
!AIVDM,1,1,,,H3uC67QLTh@4000000000000000,2*4C
!AIVDM,1,1,,,13u=:PPP00QFUUPQs@ue5?vj00Rm,0*5B
!AIVDM,1,1,,,H3uC67TUDBE5847C2ljnn01P1040,0*44
!AIVDM,1,1,,,13u=ak0P00QFUS2Qs?0n6gvp0TrT,0*32
!AIVDM,1,1,,,13u>210P00QFUaBQs?2MW?w60PRh,0*3D
!AIVDM,2,1,4,,53u=:PP00001<H?G7OI0ThuB37G61<F22222220j1042240Ht2P0000000000,0*2A
!AIVDM,2,2,4,,0000000002,2*53
!AIVDM,1,1,,,13u=:PPP00QFUURQs@u=5?wJ08Kn,0*32
!AIVDM,1,1,,,13u=ak0P00QFUS2Qs?0n6gwR0`M9,0*77
!AIVDM,1,1,,,13u>210P00QFUaDQs?1uW?wf0TrT,0*48
!AIVDM,1,1,,,3819kA1s@21FTbPQsMeRiPj80000,0*5C
!AIVDM,1,1,,,13u=:PPP00QFUURQs@tu5?v:04r`,0*31
!AIVDM,1,1,,,13u=ak0P00QFUS0Qs?0V6gvB0`5o,0*72
!AIVDM,1,1,,,13u>210P00QFUaBQs?2MW?vN0l0M,0*3F
!AIVDM,1,1,,,13u=:PPP00QFUUNQs@u=5?vj0H@>,0*24
!AIVDM,1,1,,,13u=ak0P00QFUS0Qs?0n6gvp0PSO,0*0E
!AIVDM,1,1,,,13u>210P00QFUaDQs?2=K?w40hDE,0*56
!AIVDM,1,1,,,13u=:PPP00QFUUNQs@u=5?wJ04r`,0*15
!AIVDM,1,1,,,13u=ak0P00QFURvQs?0n6gwR0Tr`,0*60
!AIVDM,1,1,,,13u>210P00QFUaDQs?2eK?wf0PSC,0*75
!AIVDM,1,1,,,13u=:PPP00QFUUHQs@uMjOv:00Sm,0*15
!AIVDM,1,1,,,13u=ak0P00QFURvQs?166gvB0Trh,0*20
!AIVDM,1,1,,,H3uGSFQ<Tpd4AE<000000000000,2*18
!AIVDM,1,1,,,H3uGSFTTDBE5847C5jhlk00h6220,0*6B
!AIVDM,1,1,,,13u>210P00QFUaFQs?2e?gvN0h9H,0*2B
!AIVDM,1,1,,,33u?h@061k1FF5dQsd5RIQvV00q1,0*60
!AIVDM,1,1,,,33P;9TA1h3QG;?pQq016114l0000,0*67
!AIVDM,1,1,,,13u=:PPP00QFUUJQs@uejOvj0D0H,0*5D
!AIVDM,1,1,,,13u=ak0P00QFUS2Qs?0V6gvr0t0H,0*76
!AIVDM,1,1,,,33u?h@08ij1FFMhQsdV2fRG00000,0*7B
!AIVDM,1,1,,,13u>210P00QFUaHQs?2M?gw40d0N,0*75
!AIVDM,1,1,,,33u?h@0;Qh1FFbpQsdc32Re>00pi,0*20
!AIVDM,1,1,,,13u=:PPP00QFUUJQs@uMjOwJ00S1,0*3A
!AIVDM,1,1,,,13u=ak0P00QFUS4Qs?0F6gwR0PS`,0*2E
!AIVDM,1,1,,,13u>210P00QFUaFQs?2M?gwf0l0O,0*20
!AIVDM,1,1,,,63u?h@00`QJ<06P0V0,4*43
!AIVDM,1,1,,,33u?h@07Qf1FG?LQsd=3tkCn00si,0*16
!AIVDM,1,1,,,33u?h@071h1FGJdQscv47SH:00w0,0*17
!AIVDM,1,1,,,13u=:PPP00QFUUJQs@udpOv<0D0F,0*1E
!AIVDM,1,1,,,13u=ak0P00QFUS8Qs?0F6gvB0PRk,0*39
!AIVDM,1,1,,,33u?h@0v1n1FG`LQscb4=3FH0000,0*17
!AIVDM,1,1,,,13u>210P00QFUa@Qs?2=?gvN0d0J,0*72
!AIVDM,1,1,,,33u?h@051s1FGnPQscCT@kLV00ri,0*30
!AIVDM,1,1,,,33u?h@04iv1FH4TQsbu4EkPl00t@,0*66
!AIVDM,1,1,,,13u=:PPP00QFUUJQs@utIwvj0@@>,0*55
!AIVDM,1,1,,,13u=ak0P00QFUS6Qs?0V6gvr0pAM,0*02
!AIVDM,1,1,,,33u?h@05201FH@hQsbVTIkS00000,0*16
!AIVDM,1,1,,,13u>210P00QFUa@Qs?2M?gw40`DE,0*06
!AIVDM,2,1,5,,5819kA02BEp1KMDSN208TN0HU<R222222222220U1pN545vW07DhCQ20CC`88,0*10
!AIVDM,2,2,5,,8888888880,2*58
!AIVDM,1,1,,,13u?h@02j21FHNlQsb;4MCS>04rh,0*72
!AIVDM,1,1,,,13u=:PPP00QFUULQs@udowwH0@Ke,0*16
!AIVDM,1,1,,,13u=ak0P00QFUS6Qs?0F6gwT0l0I,0*5C
!AIVDM,1,1,,,13u>210P00QFUaBQs?2=?gwf0hPu,0*0A
!AIVDM,1,1,,,13u?h@0vB41FI7LQs`uTMCUn00SV,0*21
!AIVDM,1,1,,,13u=:PPP00QFUUPQs@udowv<0@53,0*57
!AIVDM,1,1,,,13u=ak0P00QFUS4Qs?066gvB0d0G,0*3F
!AIVDM,1,1,,,13u>210P00QFUa@Qs?2=?gvN0`9H,0*7D
!AIVDM,1,1,,,33u?h@04251FIghQsWc4UCdV00pQ,0*10
!AIVDM,1,1,,,33u?h@01j51FIs`QsW?TW3dj00uh,0*1F
!AIVDM,1,1,,,13u=:PPP00QFUUPQs@uLowvj0<0F,0*25
!AIVDM,1,1,,,13u=ak0P00QFUS4Qs>wn6gvr0l0G,0*19
!AIVDM,1,1,,,33u?h@0vB51FJ9HQsViTW3e00000,0*00
!AIVDM,1,1,,,B3u=obP000Eac28NkCpIwwhUoP06,0*25
!AIVDM,1,1,,,13u>210P00QFUa:Qs?2M?gw40Trl,0*57
!AIVDM,1,1,,,13u?h@01j51FJGLQsVCTWCe>00SD,0*54
!AIVDM,1,1,,,13u=:PPP00QFUULQs@u<owwH0<0E,0*69
!AIVDM,1,1,,,B3uEuNP008EaoN8NjtA17wq5oP06,0*55
!AIVDM,1,1,,,13u=ak0P00QFUS6Qs>wn6gwT0hMW,0*55
!AIVDM,1,1,,,13u>210P00QFUa<Qs?2=?gwf0d0P,0*3D
!AIVDM,1,1,,,13u?h@0v251FK10QsTqTVSb00H0b,0*55
!AIVDM,1,1,,,63u?h@00`QJ<06P0V0,4*43
!AIVDM,1,1,,,13u=:PPP00QFUUNQs@u<owv<0<0F,0*1D
!AIVDM,1,1,,,13u=ak0P00QFUS4Qs>wV6gvB0`5P,0*0F
!AIVDM,1,1,,,33u>=Hgv011F@wBQt>l4ms8J00wP,0*43
!AIVDM,1,1,,,B3uC67P000EbI08NlQWICwW5kP06,0*21
!AIVDM,1,1,,,13u>210P00QFUa:Qs?2=pwvN0Trp,0*1F
!AIVDM,1,1,,,13u?h@0u241FKVPQsSaTVS`V00Ri,0*32
!AIVDM,1,1,,,13u=:PPP01QFUULQs@u=Owvj08@>,0*65
!AIVDM,1,1,,,13u=ak0P00QFUS2Qs>wn6gvr0hAM,0*60
!AIVDM,1,1,,,13u>210P00QFUa:Qs?1upww40PSv,0*0C
!AIVDM,2,1,6,,53u>21000001<AQ62210ThuB377J1<F22222220j1053240Ht44m0ETkPDsKD,0*15
!AIVDM,2,2,6,,QEQCQiC`82,2*44
!AIVDM,1,1,,,13u?h@02241FL?hQsR=4aCc@0<0j,0*41
!AIVDM,1,1,,,13u=:PPP00QFUUHQs@uLkOwH08Ke,0*7E
!AIVDM,1,1,,,13u=ak0P00QFUS2Qs>wn6gwT0d0E,0*32
!AIVDM,1,1,,,13u>210P01QFUa@Qs?2@`Owf0`Pu,0*0B
!AIVDM,1,1,,,33u?h@0sj41FLo8QsPmTW3V000r1,0*7E
!AIVDM,2,1,7,,53P;9T@2>qiG85PS:21L510Dr1Htr0HhDq<9E8MI<HB8:5uS0=Tm3hjj3k3H0,0*44
!AIVDM,2,2,7,,CPj3lPAiH0,2*74
!AIVDM,1,1,,,33u?h@0v231FM30QsPLTUCV<00uP,0*48
!AIVDM,1,1,,,13u=:PPP00QFUU@Qs@uhLOv<0853,0*28
!AIVDM,1,1,,,13u=ak0P00QFUS8Qs?066gvB0Trt,0*72
!AIVDM,1,1,,,33u?h@04241FM>TQsP3TVSbH0000,0*6D
!AIVDM,1,1,,,13u>210P00QFUaBQs?2@=wvN0PS>,0*3C
!AIVDM,1,1,,,13u?h@01B41FMLDQsOUTWS`V0@;n,0*39
!AIVDM,1,1,,,B3uGSFP008EbP0`Nla803we5kP06,0*1C
!AIVDM,1,1,,,13u=:PPP00QFUU>Qs@v0LOvj04rt,0*57
!AIVDM,1,1,,,13u=ak0P00QFUS6Qs?066gvr0d0G,0*0D
!AIVDM,2,1,8,,53u?h@02>2wI<LE:220@4h58tF2222222222220t1hJ5540Ht7H8888888888,0*04
!AIVDM,2,2,8,,8888888882,2*57
!AIVDM,1,1,,,13u>210P00QFUa:Qs?1P=ww60pE9,0*1F
!AIVDM,1,1,,,13u?h@0vj41FN5pQsN;TUSW@08H3,0*02
!AIVDM,1,1,,,13u=:PPP00QFUU@Qs@v0LOwH04rt,0*0A
!AIVDM,1,1,,,13u=ak0P00QFUS0Qs?066gwT0`MW,0*45
!AIVDM,1,1,,,13u>210P00QFUaDQs?1P=wwf0Trt,0*6F
!AIVDM,1,1,,,13u?h@0t241FNepQsLq4SkT00@0b,0*3C
!AIVDM,1,1,,,3819kA1rP61FTRdQsMh4uQl80000,0*3D
!AIVDM,1,1,,,13u=:PPP00QFUUDQs@uhLOv<04s0,0*65
!AIVDM,1,1,,,13u=ak0P00QFURfQs?0n6gvB0PSL,0*68
!AIVDM,1,1,,,63u?h@00`QJ<06P0V0,4*43
!AIVDM,1,1,,,H3uEuNPnu>0=EA<t00000000000,2*11
!AIVDM,1,1,,,13u>210P00QFUaHQs?1iTgvN0t0O,0*53
!AIVDM,1,1,,,H3uEuNTUDBE5847C4omph01H4220,0*7B
!AIVDM,1,1,,,33u?h@05R31FOCHQsKa4UkdV00uA,0*56
!AIVDM,1,1,,,33u?h@03231FONtQsK=TaSdj0110,0*39
!AIVDM,1,1,,,33u>=HgqAP1FBGHQt<SkVRrl014A,0*2B
!AIVDM,1,1,,,13u=:PPP00QFUU<Qs@ut3gvj00S@,0*54
!AIVDM,1,1,,,13u=ak0P00QFURbQs?0n6gvr0`AM,0*7F
!AIVDM,1,1,,,33u?h@0vj21FOd4QsJgTcke00000,0*75
!AIVDM,1,1,,,13u>210P00QFUa<Qs?1diOw60l0P,0*41
!AIVDM,1,1,,,33u?h@0tB21FOsdQsJ:4bSa@00r1,0*2B
!AIVDM,1,1,,,33u>=HgqQP1FBf8Qt<`k@jg@0000,0*3A
!AIVDM,1,1,,,33u?h@0t221FP7@QsIi4`kWL00uP,0*12
!AIVDM,1,1,,,13u=:PPP00QFUU>Qs@utpOwH00SR,0*0C
!AIVDM,1,1,,,13u=ak0P00QFURbQs?0n6gwT0Ts0,0*23
!AIVDM,1,1,,,33u?h@0v221FPBlQsIH4W3W`0000,0*0E
!AIVDM,1,1,,,13u>210P00QFUa@Qs?1h3wwf0PRr,0*7F
!AIVDM,1,1,,,13u?h@0u221FPRLQsHoTUSV00<0`,0*16
!AIVDM,1,1,,,13u=:PPP00QFUU<Qs@utpOv<00RF,0*6E
!AIVDM,1,1,,,13u=ak0P00QFURdQs?166gvB0l0F,0*66
!AIVDM,1,1,,,13u>210P00QFUa>Qs?1h3wvN0p9L,0*5D
!AIVDM,1,1,,,33u?h@0s1o1FQ5LQsGl4OkPV010Q,0*38
!AIVDM,1,1,,,33u?h@0t1h1FQADQsGP4KCLl010h,0*4B
!AIVDM,1,1,,,13u=:PPP00QFUUDQs@udpOvj0@@D,0*30
!AIVDM,1,1,,,13u=ak0P00QFURfQs?166gvr0Ts4,0*5D
!AIVDM,1,1,,,33u?h@0t1d1FQK0QsGA4HSK00000,0*39
!AIVDM,1,1,,,13u>210P00QFUa<Qs?1h3ww60hE9,0*37
!AIVDM,1,1,,,33u?h@041`1FQ`8QsFrTGSO@00o1,0*29
!AIVDM,1,1,,,33u?h@021W1FQgtQsFf4H3KJ010@,0*69
!AIVDM,1,1,,,13u=:PPP00QFUUNQs@tu9gwJ0L0D,0*16
!AIVDM,1,1,,,13u=ak0P00QFURlQs?166gwT0PRg,0*06
!AIVDM,1,1,,,33u?h@0tAU1FQrpQsFLTE3M`0000,0*56
!AIVDM,1,1,,,13u>210P00QFUa<Qs?1h3wwf0d0O,0*68
!AIVDM,1,1,,,33u?h@05QT1FR7HQsF64IkP000lQ,0*46
!AIVDM,1,1,,,33u?h@0viT1FR>pQsEqTKSP:011P,0*45
!AIVDM,1,1,,,13u=:PPP00QFUUNQs@tu9gv80H4?,0*1E
!AIVDM,1,1,,,13u>=Hgt1O1FDn4Qt>QRvBF<0@4U,0*18
!AIVDM,1,1,,,13u=ak0P00QFURlQs?166gvB0h5j,0*43
!AIVDM,1,1,,,33u?h@0uiS1FRIlQsEUTKSPH0000,0*1C
!AIVDM,1,1,,,63u?h@00`QJ<06P0V0,4*43
!AIVDM,1,1,,,13u>210P00QFUa:Qs?1h3wvN0l0K,0*4B
!AIVDM,1,1,,,13u?h@01iQ1FRSlQsED4LCPV04s8,0*75
!AIVDM,1,1,,,13u=:PPP00QFUUNQs@u=9gvj0<0F,0*0C
!AIVDM,1,1,,,13u=ak0P00QFURhQs?166gvr0PRn,0*2C
!AIVDM,1,1,,,13u>210P00QFUa8Qs?1h3ww60d0N,0*3D
!AIVDM,1,1,,,33u?h@0tiH1FS0TQsDOTL3K@00qi,0*31
!AIVDM,1,1,,,33u?h@0riF1FS8HQsDC4J3GL00sP,0*7C
!AIVDM,1,1,,,13u=:PPP00QFUUPQs@te9gwJ0HL5,0*11
!AIVDM,1,1,,,13u=ak0P00QFURdQs?166gwR0d0J,0*73
!AIVDM,1,1,,,33u?h@0u1E1FS@PQsD6THkG`0000,0*00
!AIVDM,1,1,,,13u>210P00QFUa8Qs?1P3wwf0`Pe,0*1A
!AIVDM,1,1,,,33u?h@0riD1FSK8QsCm4Ek@000mA,0*77
!AIVDM,1,1,,,H3u=obPl59@Tp40000000000000,2*0B
!AIVDM,1,1,,,H3u=obTT0000000pCE80001P0400,0*72
!AIVDM,1,1,,,33u?h@0qAC1FSQdQsCeTAC::00wh,0*1A
!AIVDM,1,1,,,13u=:PPP00QFUUPQs@te9gv80D0H,0*6F
!AIVDM,1,1,,,13u=ak0P00QFURbQs?166gvB0d0H,0*66
!AIVDM,1,1,,,33u?h@0r1B1FSc4QsCST9S6H0000,0*35
!AIVDM,2,1,9,,53u=ak000001<Tdr2210ThuB3OGF1<F22222220j1@63240Ht7P0000000000,0*2B
!AIVDM,2,2,9,,0000000002,2*5E
!AIVDM,1,1,,,13u>210P00QFUa:Qs?1@3wvN0h9L,0*69
!AIVDM,1,1,,,33u?h@0tA?1FSklQsCL45k2V00w1,0*79
!AIVDM,1,1,,,33u?h@0rQ;1FSs0QsCDT2Bvj00u0,0*12
!AIVDM,1,1,,,13u=:PPP00QFUUPQs@t=9gvj08@D,0*65
!AIVDM,1,1,,,13u=ak0P00QFUR`Qs?1F6gvp0d0I,0*27
!AIVDM,1,1,,,33u?h@0sQ71FT2lQsC?Sw2u00000,0*50
!AIVDM,1,1,,,B3u=obP000Eabr8NkDNu7whUoP06,0*21
!AIVDM,1,1,,,13u>210P00QFUa4Qs?1P3ww60`E9,0*0F
!AIVDM,1,1,,,13u?h@02A41FT;TQsC83u2u@00RU,0*23
!AIVDM,1,1,,,13u=:PPP00QFUURQs@t=9gwJ0D0G,0*49
!AIVDM,1,1,,,13u=ak0P00QFURRQs?1F6gwR0`M<,0*3A
!AIVDM,1,1,,,B3uEuNP008EaoJ8Njt=1Cwr5kP06,0*5E
!AIVDM,1,1,,,13u>210P00QFUa2Qs?1h3wwf0Ts<,0*66
!AIVDM,1,1,,,13u?h@000w1FTP<QsBnT0k0000Rq,0*2D
